Arguments: 
  C:\Program Files\nodejs\node.exe C:\Users\admin\AppData\Roaming\npm\node_modules\yarn\bin\yarn.js build

PATH: 
  C:\Program Files\Git\mingw64\bin;C:\Program Files\Git\usr\bin;C:\Users\admin\bin;C:\Windows\system32;C:\Windows;C:\Windows\System32\Wbem;C:\Windows\System32\WindowsPowerShell\v1.0;C:\Go\bin;C:\Program Files\MySQL\MySQL Utilities 1.6;C:\Program Files\MongoDB\Server\3.4\bin;C:\Program Files (x86)\QuickTime\QTSystem;C:\Program Files (x86)\Common Files\Apple\Internet Services;C:\Program Files\nodejs;C:\Program Files\Git\cmd;C:\Program Files\Microsoft SQL Server\130\Tools\Binn;C:\Users\admin\AppData\Roaming\npm;D:\Program Files\Microsoft VS Code\bin

Yarn version: 
  1.5.1

Node version: 
  9.6.1

Platform: 
  win32 x64

npm manifest: 
  {
    "name": "ukagaka",
    "version": "1.0.0",
    "description": "This is a ukagaka",
    "main": "index.js",
    "scripts": {
      "test": "echo \"Error: no test specified\" && exit 1",
      "start": "parcel index.html"
    },
    "author": "yisaer",
    "license": "MIT",
    "devDependencies": {
      "parcel-bundler": "^1.6.2"
    }
  }

yarn manifest: 
  No manifest

Lockfile: 
  No lockfile

Trace: 
  Error: Command "build" not found.
      at new MessageError (C:\Users\admin\AppData\Roaming\npm\node_modules\yarn\lib\cli.js:186:110)
      at C:\Users\admin\AppData\Roaming\npm\node_modules\yarn\lib\cli.js:87307:17
      at Generator.next (<anonymous>)
      at step (C:\Users\admin\AppData\Roaming\npm\node_modules\yarn\lib\cli.js:98:30)
      at C:\Users\admin\AppData\Roaming\npm\node_modules\yarn\lib\cli.js:116:14
      at new Promise (<anonymous>)
      at new F (C:\Users\admin\AppData\Roaming\npm\node_modules\yarn\lib\cli.js:23451:28)
      at C:\Users\admin\AppData\Roaming\npm\node_modules\yarn\lib\cli.js:95:12
      at runCommand (C:\Users\admin\AppData\Roaming\npm\node_modules\yarn\lib\cli.js:87312:22)
      at Object.<anonymous> (C:\Users\admin\AppData\Roaming\npm\node_modules\yarn\lib\cli.js:87412:14)
